  gl_rmain.c
C:\Users\Jbaok\OneDrive\Desktop\NJIT\Spring_2023\IT-266\GameModQ2Final\ref_gl\gl_rmain.c(676,2): warning C4013: 'SetThirdPersonCamera' undefined; assuming extern returning int
C:\Users\Jbaok\OneDrive\Desktop\NJIT\Spring_2023\IT-266\GameModQ2Final\ref_gl\gl_rmain.c(681,6): error C2371: 'SetThirdPersonCamera': redefinition; different basic types
C:\Users\Jbaok\OneDrive\Desktop\NJIT\Spring_2023\IT-266\GameModQ2Final\ref_gl\gl_rmain.c(698,2): warning C4013: 'vectoangles' undefined; assuming extern returning int
C:\Users\Jbaok\OneDrive\Desktop\NJIT\Spring_2023\IT-266\GameModQ2Final\ref_gl\gl_rmain.c(1099,40): warning C4057: 'function': 'int *' differs in indirection to slightly different base types from 'unsigned int *'
C:\Users\Jbaok\OneDrive\Desktop\NJIT\Spring_2023\IT-266\GameModQ2Final\ref_gl\gl_rmain.c(1099,53): warning C4057: 'function': 'int *' differs in indirection to slightly different base types from 'unsigned int *'
C:\Users\Jbaok\OneDrive\Desktop\NJIT\Spring_2023\IT-266\GameModQ2Final\ref_gl\gl_rmain.c(1110,42): warning C4057: 'function': 'int *' differs in indirection to slightly different base types from 'unsigned int *'
C:\Users\Jbaok\OneDrive\Desktop\NJIT\Spring_2023\IT-266\GameModQ2Final\ref_gl\gl_rmain.c(1110,55): warning C4057: 'function': 'int *' differs in indirection to slightly different base types from 'unsigned int *'
C:\Users\Jbaok\OneDrive\Desktop\NJIT\Spring_2023\IT-266\GameModQ2Final\ref_gl\gl_rmain.c(1121,41): warning C4057: 'function': 'int *' differs in indirection to slightly different base types from 'unsigned int *'
C:\Users\Jbaok\OneDrive\Desktop\NJIT\Spring_2023\IT-266\GameModQ2Final\ref_gl\gl_rmain.c(1121,54): warning C4057: 'function': 'int *' differs in indirection to slightly different base types from 'unsigned int *'
C:\Users\Jbaok\OneDrive\Desktop\NJIT\Spring_2023\IT-266\GameModQ2Final\ref_gl\gl_rmain.c(1185,52): warning C4057: '=': 'const char *' differs in indirection to slightly different base types from 'const GLubyte *'
C:\Users\Jbaok\OneDrive\Desktop\NJIT\Spring_2023\IT-266\GameModQ2Final\ref_gl\gl_rmain.c(1187,56): warning C4057: '=': 'const char *' differs in indirection to slightly different base types from 'const GLubyte *'
C:\Users\Jbaok\OneDrive\Desktop\NJIT\Spring_2023\IT-266\GameModQ2Final\ref_gl\gl_rmain.c(1189,54): warning C4057: '=': 'const char *' differs in indirection to slightly different base types from 'const GLubyte *'
C:\Users\Jbaok\OneDrive\Desktop\NJIT\Spring_2023\IT-266\GameModQ2Final\ref_gl\gl_rmain.c(1191,60): warning C4057: '=': 'const char *' differs in indirection to slightly different base types from 'const GLubyte *'
C:\Users\Jbaok\OneDrive\Desktop\NJIT\Spring_2023\IT-266\GameModQ2Final\ref_gl\gl_rmain.c(1194,2): warning C4996: 'strcpy': This function or variable may be unsafe. Consider using strcpy_s instead. To disable deprecation, use _CRT_SECURE_NO_WARNINGS. See online help for details.
C:\Users\Jbaok\OneDrive\Desktop\NJIT\Spring_2023\IT-266\GameModQ2Final\ref_gl\gl_rmain.c(1197,2): warning C4996: 'strcpy': This function or variable may be unsafe. Consider using strcpy_s instead. To disable deprecation, use _CRT_SECURE_NO_WARNINGS. See online help for details.
C:\Users\Jbaok\OneDrive\Desktop\NJIT\Spring_2023\IT-266\GameModQ2Final\ref_gl\gl_rmain.c(1283,72): warning C4152: nonstandard extension, function/data pointer conversion in expression
C:\Users\Jbaok\OneDrive\Desktop\NJIT\Spring_2023\IT-266\GameModQ2Final\ref_gl\gl_rmain.c(1284,76): warning C4152: nonstandard extension, function/data pointer conversion in expression
C:\Users\Jbaok\OneDrive\Desktop\NJIT\Spring_2023\IT-266\GameModQ2Final\ref_gl\gl_rmain.c(1342,77): warning C4152: nonstandard extension, function/data pointer conversion in expression
C:\Users\Jbaok\OneDrive\Desktop\NJIT\Spring_2023\IT-266\GameModQ2Final\ref_gl\gl_rmain.c(1343,81): warning C4152: nonstandard extension, function/data pointer conversion in expression
C:\Users\Jbaok\OneDrive\Desktop\NJIT\Spring_2023\IT-266\GameModQ2Final\ref_gl\gl_rmain.c(1195,2): warning C4996: 'strlwr': The POSIX name for this item is deprecated. Instead, use the ISO C and C++ conformant name: _strlwr. See online help for details.
C:\Users\Jbaok\OneDrive\Desktop\NJIT\Spring_2023\IT-266\GameModQ2Final\ref_gl\gl_rmain.c(1198,2): warning C4996: 'strlwr': The POSIX name for this item is deprecated. Instead, use the ISO C and C++ conformant name: _strlwr. See online help for details.
C:\Users\Jbaok\OneDrive\Desktop\NJIT\Spring_2023\IT-266\GameModQ2Final\ref_gl\gl_rmain.c(1451,4): warning C4996: 'putenv': The POSIX name for this item is deprecated. Instead, use the ISO C and C++ conformant name: _putenv. See online help for details.
C:\Users\Jbaok\OneDrive\Desktop\NJIT\Spring_2023\IT-266\GameModQ2Final\ref_gl\gl_rmain.c(1453,4): warning C4996: 'putenv': The POSIX name for this item is deprecated. Instead, use the ISO C and C++ conformant name: _putenv. See online help for details.
C:\Users\Jbaok\OneDrive\Desktop\NJIT\Spring_2023\IT-266\GameModQ2Final\ref_gl\gl_rmain.c(1683,18): warning C4133: '=': incompatible types - from 'int (__cdecl *)(void *,void *)' to 'qboolean (__cdecl *)(void *,void *)'
C:\Users\Jbaok\OneDrive\Desktop\NJIT\Spring_2023\IT-266\GameModQ2Final\ref_gl\gl_rmain.c(1706,2): warning C4996: 'vsprintf': This function or variable may be unsafe. Consider using vsprintf_s instead. To disable deprecation, use _CRT_SECURE_NO_WARNINGS. See online help for details.
C:\Users\Jbaok\OneDrive\Desktop\NJIT\Spring_2023\IT-266\GameModQ2Final\ref_gl\gl_rmain.c(1718,2): warning C4996: 'vsprintf': This function or variable may be unsafe. Consider using vsprintf_s instead. To disable deprecation, use _CRT_SECURE_NO_WARNINGS. See online help for details.
