cl : command line  warning D9002: ignoring unknown option '/QA21164'
cl : command line  warning D9002: ignoring unknown option '/QAieee1'
cl : command line  warning D9002: ignoring unknown option '/QA21164'
cl : command line  warning D9002: ignoring unknown option '/QAieee1'
  cd_win.c
  cl_cin.c
  cl_ents.c
C:\Users\Jbaok\OneDrive\Desktop\NJIT\Spring_2023\IT-266\GameModQ2Final\client\cl_ents.c(797,4): warning C4996: 'strcpy': This function or variable may be unsafe. Consider using strcpy_s instead. To disable deprecation, use _CRT_SECURE_NO_WARNINGS. See online help for details.
C:\Users\Jbaok\OneDrive\Desktop\NJIT\Spring_2023\IT-266\GameModQ2Final\client\cl_ents.c(805,3): warning C4996: 'strcpy': This function or variable may be unsafe. Consider using strcpy_s instead. To disable deprecation, use _CRT_SECURE_NO_WARNINGS. See online help for details.
  cl_fx.c
  cl_input.c
  cl_inv.c
  cl_main.c
C:\Users\Jbaok\OneDrive\Desktop\NJIT\Spring_2023\IT-266\GameModQ2Final\client\cl_main.c(195,17): warning C4996: 'fopen': This function or variable may be unsafe. Consider using fopen_s instead. To disable deprecation, use _CRT_SECURE_NO_WARNINGS. See online help for details.
C:\Users\Jbaok\OneDrive\Desktop\NJIT\Spring_2023\IT-266\GameModQ2Final\client\cl_main.c(313,3): warning C4996: 'strcpy': This function or variable may be unsafe. Consider using strcpy_s instead. To disable deprecation, use _CRT_SECURE_NO_WARNINGS. See online help for details.
C:\Users\Jbaok\OneDrive\Desktop\NJIT\Spring_2023\IT-266\GameModQ2Final\client\cl_main.c(314,3): warning C4996: 'strcat': This function or variable may be unsafe. Consider using strcat_s instead. To disable deprecation, use _CRT_SECURE_NO_WARNINGS. See online help for details.
C:\Users\Jbaok\OneDrive\Desktop\NJIT\Spring_2023\IT-266\GameModQ2Final\client\cl_main.c(318,4): warning C4996: 'strcat': This function or variable may be unsafe. Consider using strcat_s instead. To disable deprecation, use _CRT_SECURE_NO_WARNINGS. See online help for details.
C:\Users\Jbaok\OneDrive\Desktop\NJIT\Spring_2023\IT-266\GameModQ2Final\client\cl_main.c(319,4): warning C4996: 'strcat': This function or variable may be unsafe. Consider using strcat_s instead. To disable deprecation, use _CRT_SECURE_NO_WARNINGS. See online help for details.
C:\Users\Jbaok\OneDrive\Desktop\NJIT\Spring_2023\IT-266\GameModQ2Final\client\cl_main.c(322,3): warning C4996: 'putenv': The POSIX name for this item is deprecated. Instead, use the ISO C and C++ conformant name: _putenv. See online help for details.
C:\Users\Jbaok\OneDrive\Desktop\NJIT\Spring_2023\IT-266\GameModQ2Final\client\cl_main.c(326,15): warning C4996: 'getenv': This function or variable may be unsafe. Consider using _dupenv_s instead. To disable deprecation, use _CRT_SECURE_NO_WARNINGS. See online help for details.
C:\Users\Jbaok\OneDrive\Desktop\NJIT\Spring_2023\IT-266\GameModQ2Final\client\cl_main.c(457,3): warning C4996: 'strncpy': This function or variable may be unsafe. Consider using strncpy_s instead. To disable deprecation, use _CRT_SECURE_NO_WARNINGS. See online help for details.
C:\Users\Jbaok\OneDrive\Desktop\NJIT\Spring_2023\IT-266\GameModQ2Final\client\cl_main.c(520,2): warning C4996: 'strncpy': This function or variable may be unsafe. Consider using strncpy_s instead. To disable deprecation, use _CRT_SECURE_NO_WARNINGS. See online help for details.
C:\Users\Jbaok\OneDrive\Desktop\NJIT\Spring_2023\IT-266\GameModQ2Final\client\cl_main.c(554,2): warning C4996: 'strcat': This function or variable may be unsafe. Consider using strcat_s instead. To disable deprecation, use _CRT_SECURE_NO_WARNINGS. See online help for details.
C:\Users\Jbaok\OneDrive\Desktop\NJIT\Spring_2023\IT-266\GameModQ2Final\client\cl_main.c(556,2): warning C4996: 'strcat': This function or variable may be unsafe. Consider using strcat_s instead. To disable deprecation, use _CRT_SECURE_NO_WARNINGS. See online help for details.
C:\Users\Jbaok\OneDrive\Desktop\NJIT\Spring_2023\IT-266\GameModQ2Final\client\cl_main.c(557,2): warning C4996: 'strcat': This function or variable may be unsafe. Consider using strcat_s instead. To disable deprecation, use _CRT_SECURE_NO_WARNINGS. See online help for details.
C:\Users\Jbaok\OneDrive\Desktop\NJIT\Spring_2023\IT-266\GameModQ2Final\client\cl_main.c(561,3): warning C4996: 'strcat': This function or variable may be unsafe. Consider using strcat_s instead. To disable deprecation, use _CRT_SECURE_NO_WARNINGS. See online help for details.
C:\Users\Jbaok\OneDrive\Desktop\NJIT\Spring_2023\IT-266\GameModQ2Final\client\cl_main.c(562,3): warning C4996: 'strcat': This function or variable may be unsafe. Consider using strcat_s instead. To disable deprecation, use _CRT_SECURE_NO_WARNINGS. See online help for details.
C:\Users\Jbaok\OneDrive\Desktop\NJIT\Spring_2023\IT-266\GameModQ2Final\client\cl_main.c(646,2): warning C4996: 'strcpy': This function or variable may be unsafe. Consider using strcpy_s instead. To disable deprecation, use _CRT_SECURE_NO_WARNINGS. See online help for details.
C:\Users\Jbaok\OneDrive\Desktop\NJIT\Spring_2023\IT-266\GameModQ2Final\client\cl_main.c(1063,3): warning C4996: 'strncpy': This function or variable may be unsafe. Consider using strncpy_s instead. To disable deprecation, use _CRT_SECURE_NO_WARNINGS. See online help for details.
C:\Users\Jbaok\OneDrive\Desktop\NJIT\Spring_2023\IT-266\GameModQ2Final\client\cl_main.c(1248,5): warning C4996: 'strcpy': This function or variable may be unsafe. Consider using strcpy_s instead. To disable deprecation, use _CRT_SECURE_NO_WARNINGS. See online help for details.
C:\Users\Jbaok\OneDrive\Desktop\NJIT\Spring_2023\IT-266\GameModQ2Final\client\cl_main.c(1254,6): warning C4996: 'strcpy': This function or variable may be unsafe. Consider using strcpy_s instead. To disable deprecation, use _CRT_SECURE_NO_WARNINGS. See online help for details.
C:\Users\Jbaok\OneDrive\Desktop\NJIT\Spring_2023\IT-266\GameModQ2Final\client\cl_main.c(1355,5): warning C4996: 'sprintf': This function or variable may be unsafe. Consider using sprintf_s instead. To disable deprecation, use _CRT_SECURE_NO_WARNINGS. See online help for details.
C:\Users\Jbaok\OneDrive\Desktop\NJIT\Spring_2023\IT-266\GameModQ2Final\client\cl_main.c(1565,6): warning C4996: 'fopen': This function or variable may be unsafe. Consider using fopen_s instead. To disable deprecation, use _CRT_SECURE_NO_WARNINGS. See online help for details.
  cl_newfx.c
  cl_parse.c
C:\Users\Jbaok\OneDrive\Desktop\NJIT\Spring_2023\IT-266\GameModQ2Final\client\cl_parse.c(85,2): warning C4996: 'strcpy': This function or variable may be unsafe. Consider using strcpy_s instead. To disable deprecation, use _CRT_SECURE_NO_WARNINGS. See online help for details.
C:\Users\Jbaok\OneDrive\Desktop\NJIT\Spring_2023\IT-266\GameModQ2Final\client\cl_parse.c(91,2): warning C4996: 'strcat': This function or variable may be unsafe. Consider using strcat_s instead. To disable deprecation, use _CRT_SECURE_NO_WARNINGS. See online help for details.
C:\Users\Jbaok\OneDrive\Desktop\NJIT\Spring_2023\IT-266\GameModQ2Final\client\cl_parse.c(100,7): warning C4996: 'fopen': This function or variable may be unsafe. Consider using fopen_s instead. To disable deprecation, use _CRT_SECURE_NO_WARNINGS. See online help for details.
C:\Users\Jbaok\OneDrive\Desktop\NJIT\Spring_2023\IT-266\GameModQ2Final\client\cl_parse.c(155,2): warning C4996: 'strcpy': This function or variable may be unsafe. Consider using strcpy_s instead. To disable deprecation, use _CRT_SECURE_NO_WARNINGS. See online help for details.
C:\Users\Jbaok\OneDrive\Desktop\NJIT\Spring_2023\IT-266\GameModQ2Final\client\cl_parse.c(162,2): warning C4996: 'strcat': This function or variable may be unsafe. Consider using strcat_s instead. To disable deprecation, use _CRT_SECURE_NO_WARNINGS. See online help for details.
C:\Users\Jbaok\OneDrive\Desktop\NJIT\Spring_2023\IT-266\GameModQ2Final\client\cl_parse.c(229,18): warning C4996: 'fopen': This function or variable may be unsafe. Consider using fopen_s instead. To disable deprecation, use _CRT_SECURE_NO_WARNINGS. See online help for details.
C:\Users\Jbaok\OneDrive\Desktop\NJIT\Spring_2023\IT-266\GameModQ2Final\client\cl_parse.c(327,2): warning C4996: 'strncpy': This function or variable may be unsafe. Consider using strncpy_s instead. To disable deprecation, use _CRT_SECURE_NO_WARNINGS. See online help for details.
C:\Users\Jbaok\OneDrive\Desktop\NJIT\Spring_2023\IT-266\GameModQ2Final\client\cl_parse.c(390,2): warning C4996: 'strncpy': This function or variable may be unsafe. Consider using strncpy_s instead. To disable deprecation, use _CRT_SECURE_NO_WARNINGS. See online help for details.
C:\Users\Jbaok\OneDrive\Desktop\NJIT\Spring_2023\IT-266\GameModQ2Final\client\cl_parse.c(394,2): warning C4996: 'strncpy': This function or variable may be unsafe. Consider using strncpy_s instead. To disable deprecation, use _CRT_SECURE_NO_WARNINGS. See online help for details.
C:\Users\Jbaok\OneDrive\Desktop\NJIT\Spring_2023\IT-266\GameModQ2Final\client\cl_parse.c(418,3): warning C4996: 'strcpy': This function or variable may be unsafe. Consider using strcpy_s instead. To disable deprecation, use _CRT_SECURE_NO_WARNINGS. See online help for details.
C:\Users\Jbaok\OneDrive\Desktop\NJIT\Spring_2023\IT-266\GameModQ2Final\client\cl_parse.c(427,3): warning C4996: 'strcpy': This function or variable may be unsafe. Consider using strcpy_s instead. To disable deprecation, use _CRT_SECURE_NO_WARNINGS. See online help for details.
C:\Users\Jbaok\OneDrive\Desktop\NJIT\Spring_2023\IT-266\GameModQ2Final\client\cl_parse.c(434,4): warning C4996: 'strcpy': This function or variable may be unsafe. Consider using strcpy_s instead. To disable deprecation, use _CRT_SECURE_NO_WARNINGS. See online help for details.
C:\Users\Jbaok\OneDrive\Desktop\NJIT\Spring_2023\IT-266\GameModQ2Final\client\cl_parse.c(448,4): warning C4996: 'strcpy': This function or variable may be unsafe. Consider using strcpy_s instead. To disable deprecation, use _CRT_SECURE_NO_WARNINGS. See online help for details.
C:\Users\Jbaok\OneDrive\Desktop\NJIT\Spring_2023\IT-266\GameModQ2Final\client\cl_parse.c(528,2): warning C4996: 'strcpy': This function or variable may be unsafe. Consider using strcpy_s instead. To disable deprecation, use _CRT_SECURE_NO_WARNINGS. See online help for details.
C:\Users\Jbaok\OneDrive\Desktop\NJIT\Spring_2023\IT-266\GameModQ2Final\client\cl_parse.c(784,4): warning C4996: 'strncpy': This function or variable may be unsafe. Consider using strncpy_s instead. To disable deprecation, use _CRT_SECURE_NO_WARNINGS. See online help for details.
  cl_pred.c
  cl_scrn.c
C:\Users\Jbaok\OneDrive\Desktop\NJIT\Spring_2023\IT-266\GameModQ2Final\client\cl_scrn.c(202,2): warning C4996: 'strncpy': This function or variable may be unsafe. Consider using strncpy_s instead. To disable deprecation, use _CRT_SECURE_NO_WARNINGS. See online help for details.
C:\Users\Jbaok\OneDrive\Desktop\NJIT\Spring_2023\IT-266\GameModQ2Final\client\cl_scrn.c(1080,4): warning C4996: 'sprintf': This function or variable may be unsafe. Consider using sprintf_s instead. To disable deprecation, use _CRT_SECURE_NO_WARNINGS. See online help for details.
  cl_tent.c
C:\Users\Jbaok\OneDrive\Desktop\NJIT\Spring_2023\IT-266\GameModQ2Final\client\cl_tent.c(161,2): warning C4996: 'sprintf': This function or variable may be unsafe. Consider using sprintf_s instead. To disable deprecation, use _CRT_SECURE_NO_WARNINGS. See online help for details.
  cl_view.c
C:\Users\Jbaok\OneDrive\Desktop\NJIT\Spring_2023\IT-266\GameModQ2Final\client\cl_view.c(263,2): warning C4996: 'strcpy': This function or variable may be unsafe. Consider using strcpy_s instead. To disable deprecation, use _CRT_SECURE_NO_WARNINGS. See online help for details.
C:\Users\Jbaok\OneDrive\Desktop\NJIT\Spring_2023\IT-266\GameModQ2Final\client\cl_view.c(281,2): warning C4996: 'strcpy': This function or variable may be unsafe. Consider using strcpy_s instead. To disable deprecation, use _CRT_SECURE_NO_WARNINGS. See online help for details.
C:\Users\Jbaok\OneDrive\Desktop\NJIT\Spring_2023\IT-266\GameModQ2Final\client\cl_view.c(285,3): warning C4996: 'strcpy': This function or variable may be unsafe. Consider using strcpy_s instead. To disable deprecation, use _CRT_SECURE_NO_WARNINGS. See online help for details.
C:\Users\Jbaok\OneDrive\Desktop\NJIT\Spring_2023\IT-266\GameModQ2Final\client\cl_view.c(296,5): warning C4996: 'strncpy': This function or variable may be unsafe. Consider using strncpy_s instead. To disable deprecation, use _CRT_SECURE_NO_WARNINGS. See online help for details.
C:\Users\Jbaok\OneDrive\Desktop\NJIT\Spring_2023\IT-266\GameModQ2Final\client\cl_view.c(339,2): warning C4996: 'sscanf': This function or variable may be unsafe. Consider using sscanf_s instead. To disable deprecation, use _CRT_SECURE_NO_WARNINGS. See online help for details.
  cmd.c
C:\Users\Jbaok\OneDrive\Desktop\NJIT\Spring_2023\IT-266\GameModQ2Final\qcommon\cmd.c(318,3): warning C4996: 'strcat': This function or variable may be unsafe. Consider using strcat_s instead. To disable deprecation, use _CRT_SECURE_NO_WARNINGS. See online help for details.
C:\Users\Jbaok\OneDrive\Desktop\NJIT\Spring_2023\IT-266\GameModQ2Final\qcommon\cmd.c(320,4): warning C4996: 'strcat': This function or variable may be unsafe. Consider using strcat_s instead. To disable deprecation, use _CRT_SECURE_NO_WARNINGS. See online help for details.
C:\Users\Jbaok\OneDrive\Desktop\NJIT\Spring_2023\IT-266\GameModQ2Final\qcommon\cmd.c(339,4): warning C4996: 'strcat': This function or variable may be unsafe. Consider using strcat_s instead. To disable deprecation, use _CRT_SECURE_NO_WARNINGS. See online help for details.
C:\Users\Jbaok\OneDrive\Desktop\NJIT\Spring_2023\IT-266\GameModQ2Final\qcommon\cmd.c(340,4): warning C4996: 'strcat': This function or variable may be unsafe. Consider using strcat_s instead. To disable deprecation, use _CRT_SECURE_NO_WARNINGS. See online help for details.
C:\Users\Jbaok\OneDrive\Desktop\NJIT\Spring_2023\IT-266\GameModQ2Final\qcommon\cmd.c(463,2): warning C4996: 'strcpy': This function or variable may be unsafe. Consider using strcpy_s instead. To disable deprecation, use _CRT_SECURE_NO_WARNINGS. See online help for details.
C:\Users\Jbaok\OneDrive\Desktop\NJIT\Spring_2023\IT-266\GameModQ2Final\qcommon\cmd.c(470,3): warning C4996: 'strcat': This function or variable may be unsafe. Consider using strcat_s instead. To disable deprecation, use _CRT_SECURE_NO_WARNINGS. See online help for details.
C:\Users\Jbaok\OneDrive\Desktop\NJIT\Spring_2023\IT-266\GameModQ2Final\qcommon\cmd.c(472,4): warning C4996: 'strcat': This function or variable may be unsafe. Consider using strcat_s instead. To disable deprecation, use _CRT_SECURE_NO_WARNINGS. See online help for details.
C:\Users\Jbaok\OneDrive\Desktop\NJIT\Spring_2023\IT-266\GameModQ2Final\qcommon\cmd.c(474,2): warning C4996: 'strcat': This function or variable may be unsafe. Consider using strcat_s instead. To disable deprecation, use _CRT_SECURE_NO_WARNINGS. See online help for details.
C:\Users\Jbaok\OneDrive\Desktop\NJIT\Spring_2023\IT-266\GameModQ2Final\qcommon\cmd.c(587,3): warning C4996: 'strncpy': This function or variable may be unsafe. Consider using strncpy_s instead. To disable deprecation, use _CRT_SECURE_NO_WARNINGS. See online help for details.
C:\Users\Jbaok\OneDrive\Desktop\NJIT\Spring_2023\IT-266\GameModQ2Final\qcommon\cmd.c(588,3): warning C4996: 'strcpy': This function or variable may be unsafe. Consider using strcpy_s instead. To disable deprecation, use _CRT_SECURE_NO_WARNINGS. See online help for details.
C:\Users\Jbaok\OneDrive\Desktop\NJIT\Spring_2023\IT-266\GameModQ2Final\qcommon\cmd.c(589,3): warning C4996: 'strcpy': This function or variable may be unsafe. Consider using strcpy_s instead. To disable deprecation, use _CRT_SECURE_NO_WARNINGS. See online help for details.
C:\Users\Jbaok\OneDrive\Desktop\NJIT\Spring_2023\IT-266\GameModQ2Final\qcommon\cmd.c(591,3): warning C4996: 'strcpy': This function or variable may be unsafe. Consider using strcpy_s instead. To disable deprecation, use _CRT_SECURE_NO_WARNINGS. See online help for details.
C:\Users\Jbaok\OneDrive\Desktop\NJIT\Spring_2023\IT-266\GameModQ2Final\qcommon\cmd.c(660,4): warning C4996: 'strcpy': This function or variable may be unsafe. Consider using strcpy_s instead. To disable deprecation, use _CRT_SECURE_NO_WARNINGS. See online help for details.
C:\Users\Jbaok\OneDrive\Desktop\NJIT\Spring_2023\IT-266\GameModQ2Final\qcommon\cmd.c(678,4): warning C4996: 'strcpy': This function or variable may be unsafe. Consider using strcpy_s instead. To disable deprecation, use _CRT_SECURE_NO_WARNINGS. See online help for details.
  cmodel.c
C:\Users\Jbaok\OneDrive\Desktop\NJIT\Spring_2023\IT-266\GameModQ2Final\qcommon\cmodel.c(195,3): warning C4996: 'strncpy': This function or variable may be unsafe. Consider using strncpy_s instead. To disable deprecation, use _CRT_SECURE_NO_WARNINGS. See online help for details.
C:\Users\Jbaok\OneDrive\Desktop\NJIT\Spring_2023\IT-266\GameModQ2Final\qcommon\cmodel.c(196,3): warning C4996: 'strncpy': This function or variable may be unsafe. Consider using strncpy_s instead. To disable deprecation, use _CRT_SECURE_NO_WARNINGS. See online help for details.
C:\Users\Jbaok\OneDrive\Desktop\NJIT\Spring_2023\IT-266\GameModQ2Final\qcommon\cmodel.c(629,2): warning C4996: 'strcpy': This function or variable may be unsafe. Consider using strcpy_s instead. To disable deprecation, use _CRT_SECURE_NO_WARNINGS. See online help for details.
  common.c
C:\Users\Jbaok\OneDrive\Desktop\NJIT\Spring_2023\IT-266\GameModQ2Final\qcommon\common.c(107,2): warning C4996: 'vsprintf': This function or variable may be unsafe. Consider using vsprintf_s instead. To disable deprecation, use _CRT_SECURE_NO_WARNINGS. See online help for details.
C:\Users\Jbaok\OneDrive\Desktop\NJIT\Spring_2023\IT-266\GameModQ2Final\qcommon\common.c(117,3): warning C4996: 'strcat': This function or variable may be unsafe. Consider using strcat_s instead. To disable deprecation, use _CRT_SECURE_NO_WARNINGS. See online help for details.
C:\Users\Jbaok\OneDrive\Desktop\NJIT\Spring_2023\IT-266\GameModQ2Final\qcommon\common.c(134,14): warning C4996: 'fopen': This function or variable may be unsafe. Consider using fopen_s instead. To disable deprecation, use _CRT_SECURE_NO_WARNINGS. See online help for details.
C:\Users\Jbaok\OneDrive\Desktop\NJIT\Spring_2023\IT-266\GameModQ2Final\qcommon\common.c(160,2): warning C4996: 'vsprintf': This function or variable may be unsafe. Consider using vsprintf_s instead. To disable deprecation, use _CRT_SECURE_NO_WARNINGS. See online help for details.
C:\Users\Jbaok\OneDrive\Desktop\NJIT\Spring_2023\IT-266\GameModQ2Final\qcommon\common.c(186,2): warning C4996: 'vsprintf': This function or variable may be unsafe. Consider using vsprintf_s instead. To disable deprecation, use _CRT_SECURE_NO_WARNINGS. See online help for details.
C:\Users\Jbaok\OneDrive\Desktop\NJIT\Spring_2023\IT-266\GameModQ2Final\qcommon\common.c(1034,2): warning C4996: 'strcpy': This function or variable may be unsafe. Consider using strcpy_s instead. To disable deprecation, use _CRT_SECURE_NO_WARNINGS. See online help for details.
C:\Users\Jbaok\OneDrive\Desktop\NJIT\Spring_2023\IT-266\GameModQ2Final\qcommon\common.c(1509,21): warning C4996: 'fopen': This function or variable may be unsafe. Consider using fopen_s instead. To disable deprecation, use _CRT_SECURE_NO_WARNINGS. See online help for details.
  conproc.c
  console.c
C:\Users\Jbaok\OneDrive\Desktop\NJIT\Spring_2023\IT-266\GameModQ2Final\client\console.c(161,6): warning C4996: 'fopen': This function or variable may be unsafe. Consider using fopen_s instead. To disable deprecation, use _CRT_SECURE_NO_WARNINGS. See online help for details.
C:\Users\Jbaok\OneDrive\Desktop\NJIT\Spring_2023\IT-266\GameModQ2Final\client\console.c(184,3): warning C4996: 'strncpy': This function or variable may be unsafe. Consider using strncpy_s instead. To disable deprecation, use _CRT_SECURE_NO_WARNINGS. See online help for details.
C:\Users\Jbaok\OneDrive\Desktop\NJIT\Spring_2023\IT-266\GameModQ2Final\client\console.c(437,2): warning C4996: 'strcpy': This function or variable may be unsafe. Consider using strcpy_s instead. To disable deprecation, use _CRT_SECURE_NO_WARNINGS. See online help for details.
C:\Users\Jbaok\OneDrive\Desktop\NJIT\Spring_2023\IT-266\GameModQ2Final\client\console.c(438,2): warning C4996: 'strcat': This function or variable may be unsafe. Consider using strcat_s instead. To disable deprecation, use _CRT_SECURE_NO_WARNINGS. See online help for details.
C:\Users\Jbaok\OneDrive\Desktop\NJIT\Spring_2023\IT-266\GameModQ2Final\client\console.c(647,4): warning C4996: 'strncpy': This function or variable may be unsafe. Consider using strncpy_s instead. To disable deprecation, use _CRT_SECURE_NO_WARNINGS. See online help for details.
C:\Users\Jbaok\OneDrive\Desktop\NJIT\Spring_2023\IT-266\GameModQ2Final\client\console.c(649,4): warning C4996: 'strcat': This function or variable may be unsafe. Consider using strcat_s instead. To disable deprecation, use _CRT_SECURE_NO_WARNINGS. See online help for details.
C:\Users\Jbaok\OneDrive\Desktop\NJIT\Spring_2023\IT-266\GameModQ2Final\client\console.c(651,4): warning C4996: 'strcpy': This function or variable may be unsafe. Consider using strcpy_s instead. To disable deprecation, use _CRT_SECURE_NO_WARNINGS. See online help for details.
C:\Users\Jbaok\OneDrive\Desktop\NJIT\Spring_2023\IT-266\GameModQ2Final\client\console.c(652,3): warning C4996: 'strcat': This function or variable may be unsafe. Consider using strcat_s instead. To disable deprecation, use _CRT_SECURE_NO_WARNINGS. See online help for details.
C:\Users\Jbaok\OneDrive\Desktop\NJIT\Spring_2023\IT-266\GameModQ2Final\client\console.c(669,3): warning C4996: 'sprintf': This function or variable may be unsafe. Consider using sprintf_s instead. To disable deprecation, use _CRT_SECURE_NO_WARNINGS. See online help for details.
  crc.c
  cvar.c
C:\Users\Jbaok\OneDrive\Desktop\NJIT\Spring_2023\IT-266\GameModQ2Final\qcommon\cvar.c(435,6): warning C4996: 'fopen': This function or variable may be unsafe. Consider using fopen_s instead. To disable deprecation, use _CRT_SECURE_NO_WARNINGS. See online help for details.
  Generating Code...
C:\Users\Jbaok\OneDrive\Desktop\NJIT\Spring_2023\IT-266\GameModQ2Final\client\cl_input.c(479): warning C4700: uninitialized local variable 'buf' used
  Compiling...
  files.c
C:\Users\Jbaok\OneDrive\Desktop\NJIT\Spring_2023\IT-266\GameModQ2Final\qcommon\files.c(222,12): warning C4996: 'fopen': This function or variable may be unsafe. Consider using fopen_s instead. To disable deprecation, use _CRT_SECURE_NO_WARNINGS. See online help for details.
C:\Users\Jbaok\OneDrive\Desktop\NJIT\Spring_2023\IT-266\GameModQ2Final\qcommon\files.c(248,14): warning C4996: 'fopen': This function or variable may be unsafe. Consider using fopen_s instead. To disable deprecation, use _CRT_SECURE_NO_WARNINGS. See online help for details.
C:\Users\Jbaok\OneDrive\Desktop\NJIT\Spring_2023\IT-266\GameModQ2Final\qcommon\files.c(261,12): warning C4996: 'fopen': This function or variable may be unsafe. Consider using fopen_s instead. To disable deprecation, use _CRT_SECURE_NO_WARNINGS. See online help for details.
C:\Users\Jbaok\OneDrive\Desktop\NJIT\Spring_2023\IT-266\GameModQ2Final\qcommon\files.c(459,15): warning C4996: 'fopen': This function or variable may be unsafe. Consider using fopen_s instead. To disable deprecation, use _CRT_SECURE_NO_WARNINGS. See online help for details.
C:\Users\Jbaok\OneDrive\Desktop\NJIT\Spring_2023\IT-266\GameModQ2Final\qcommon\files.c(489,3): warning C4996: 'strcpy': This function or variable may be unsafe. Consider using strcpy_s instead. To disable deprecation, use _CRT_SECURE_NO_WARNINGS. See online help for details.
C:\Users\Jbaok\OneDrive\Desktop\NJIT\Spring_2023\IT-266\GameModQ2Final\qcommon\files.c(495,2): warning C4996: 'strcpy': This function or variable may be unsafe. Consider using strcpy_s instead. To disable deprecation, use _CRT_SECURE_NO_WARNINGS. See online help for details.
C:\Users\Jbaok\OneDrive\Desktop\NJIT\Spring_2023\IT-266\GameModQ2Final\qcommon\files.c(520,2): warning C4996: 'strcpy': This function or variable may be unsafe. Consider using strcpy_s instead. To disable deprecation, use _CRT_SECURE_NO_WARNINGS. See online help for details.
C:\Users\Jbaok\OneDrive\Desktop\NJIT\Spring_2023\IT-266\GameModQ2Final\qcommon\files.c(526,2): warning C4996: 'strcpy': This function or variable may be unsafe. Consider using strcpy_s instead. To disable deprecation, use _CRT_SECURE_NO_WARNINGS. See online help for details.
C:\Users\Jbaok\OneDrive\Desktop\NJIT\Spring_2023\IT-266\GameModQ2Final\qcommon\files.c(717,19): warning C4996: 'strdup': The POSIX name for this item is deprecated. Instead, use the ISO C and C++ conformant name: _strdup. See online help for details.
C:\Users\Jbaok\OneDrive\Desktop\NJIT\Spring_2023\IT-266\GameModQ2Final\qcommon\files.c(719,4): warning C4996: 'strlwr': The POSIX name for this item is deprecated. Instead, use the ISO C and C++ conformant name: _strlwr. See online help for details.
C:\Users\Jbaok\OneDrive\Desktop\NJIT\Spring_2023\IT-266\GameModQ2Final\qcommon\files.c(743,3): warning C4996: 'strcpy': This function or variable may be unsafe. Consider using strcpy_s instead. To disable deprecation, use _CRT_SECURE_NO_WARNINGS. See online help for details.
  in_win.c
  keys.c
C:\Users\Jbaok\OneDrive\Desktop\NJIT\Spring_2023\IT-266\GameModQ2Final\client\keys.c(178,3): warning C4996: 'strcpy': This function or variable may be unsafe. Consider using strcpy_s instead. To disable deprecation, use _CRT_SECURE_NO_WARNINGS. See online help for details.
C:\Users\Jbaok\OneDrive\Desktop\NJIT\Spring_2023\IT-266\GameModQ2Final\client\keys.c(243,9): warning C4013: 'toupper' undefined; assuming extern returning int
C:\Users\Jbaok\OneDrive\Desktop\NJIT\Spring_2023\IT-266\GameModQ2Final\client\keys.c(252,4): warning C4996: 'strtok': This function or variable may be unsafe. Consider using strtok_s instead. To disable deprecation, use _CRT_SECURE_NO_WARNINGS. See online help for details.
C:\Users\Jbaok\OneDrive\Desktop\NJIT\Spring_2023\IT-266\GameModQ2Final\client\keys.c(261,5): warning C4996: 'strcat': This function or variable may be unsafe. Consider using strcat_s instead. To disable deprecation, use _CRT_SECURE_NO_WARNINGS. See online help for details.
C:\Users\Jbaok\OneDrive\Desktop\NJIT\Spring_2023\IT-266\GameModQ2Final\client\keys.c(321,3): warning C4996: 'strcpy': This function or variable may be unsafe. Consider using strcpy_s instead. To disable deprecation, use _CRT_SECURE_NO_WARNINGS. See online help for details.
C:\Users\Jbaok\OneDrive\Desktop\NJIT\Spring_2023\IT-266\GameModQ2Final\client\keys.c(343,4): warning C4996: 'strcpy': This function or variable may be unsafe. Consider using strcpy_s instead. To disable deprecation, use _CRT_SECURE_NO_WARNINGS. See online help for details.
C:\Users\Jbaok\OneDrive\Desktop\NJIT\Spring_2023\IT-266\GameModQ2Final\client\keys.c(522,2): warning C4996: 'strcpy': This function or variable may be unsafe. Consider using strcpy_s instead. To disable deprecation, use _CRT_SECURE_NO_WARNINGS. See online help for details.
C:\Users\Jbaok\OneDrive\Desktop\NJIT\Spring_2023\IT-266\GameModQ2Final\client\keys.c(599,3): warning C4996: 'strcat': This function or variable may be unsafe. Consider using strcat_s instead. To disable deprecation, use _CRT_SECURE_NO_WARNINGS. See online help for details.
C:\Users\Jbaok\OneDrive\Desktop\NJIT\Spring_2023\IT-266\GameModQ2Final\client\keys.c(601,4): warning C4996: 'strcat': This function or variable may be unsafe. Consider using strcat_s instead. To disable deprecation, use _CRT_SECURE_NO_WARNINGS. See online help for details.
  m_flash.c
  md4.c
  menu.c
C:\Users\Jbaok\OneDrive\Desktop\NJIT\Spring_2023\IT-266\GameModQ2Final\client\menu.c(421,2): warning C4996: 'strcpy': This function or variable may be unsafe. Consider using strcpy_s instead. To disable deprecation, use _CRT_SECURE_NO_WARNINGS. See online help for details.
C:\Users\Jbaok\OneDrive\Desktop\NJIT\Spring_2023\IT-266\GameModQ2Final\client\menu.c(422,2): warning C4996: 'strcat': This function or variable may be unsafe. Consider using strcat_s instead. To disable deprecation, use _CRT_SECURE_NO_WARNINGS. See online help for details.
C:\Users\Jbaok\OneDrive\Desktop\NJIT\Spring_2023\IT-266\GameModQ2Final\client\menu.c(2055,7): warning C4996: 'fopen': This function or variable may be unsafe. Consider using fopen_s instead. To disable deprecation, use _CRT_SECURE_NO_WARNINGS. See online help for details.
C:\Users\Jbaok\OneDrive\Desktop\NJIT\Spring_2023\IT-266\GameModQ2Final\client\menu.c(2058,4): warning C4996: 'strcpy': This function or variable may be unsafe. Consider using strcpy_s instead. To disable deprecation, use _CRT_SECURE_NO_WARNINGS. See online help for details.
C:\Users\Jbaok\OneDrive\Desktop\NJIT\Spring_2023\IT-266\GameModQ2Final\client\menu.c(2245,2): warning C4996: 'strncpy': This function or variable may be unsafe. Consider using strncpy_s instead. To disable deprecation, use _CRT_SECURE_NO_WARNINGS. See online help for details.
C:\Users\Jbaok\OneDrive\Desktop\NJIT\Spring_2023\IT-266\GameModQ2Final\client\menu.c(2283,3): warning C4996: 'strcpy': This function or variable may be unsafe. Consider using strcpy_s instead. To disable deprecation, use _CRT_SECURE_NO_WARNINGS. See online help for details.
C:\Users\Jbaok\OneDrive\Desktop\NJIT\Spring_2023\IT-266\GameModQ2Final\client\menu.c(2332,3): warning C4996: 'strcpy': This function or variable may be unsafe. Consider using strcpy_s instead. To disable deprecation, use _CRT_SECURE_NO_WARNINGS. See online help for details.
C:\Users\Jbaok\OneDrive\Desktop\NJIT\Spring_2023\IT-266\GameModQ2Final\client\menu.c(2411,4): warning C4996: 'strcpy': This function or variable may be unsafe. Consider using strcpy_s instead. To disable deprecation, use _CRT_SECURE_NO_WARNINGS. See online help for details.
C:\Users\Jbaok\OneDrive\Desktop\NJIT\Spring_2023\IT-266\GameModQ2Final\client\menu.c(2444,2): warning C4996: 'strcpy': This function or variable may be unsafe. Consider using strcpy_s instead. To disable deprecation, use _CRT_SECURE_NO_WARNINGS. See online help for details.
C:\Users\Jbaok\OneDrive\Desktop\NJIT\Spring_2023\IT-266\GameModQ2Final\client\menu.c(2538,14): warning C4996: 'fopen': This function or variable may be unsafe. Consider using fopen_s instead. To disable deprecation, use _CRT_SECURE_NO_WARNINGS. See online help for details.
C:\Users\Jbaok\OneDrive\Desktop\NJIT\Spring_2023\IT-266\GameModQ2Final\client\menu.c(2546,12): warning C4996: 'filelength': The POSIX name for this item is deprecated. Instead, use the ISO C and C++ conformant name: _filelength. See online help for details.
C:\Users\Jbaok\OneDrive\Desktop\NJIT\Spring_2023\IT-266\GameModQ2Final\client\menu.c(2581,3): warning C4996: 'strcpy': This function or variable may be unsafe. Consider using strcpy_s instead. To disable deprecation, use _CRT_SECURE_NO_WARNINGS. See online help for details.
C:\Users\Jbaok\OneDrive\Desktop\NJIT\Spring_2023\IT-266\GameModQ2Final\client\menu.c(2585,3): warning C4996: 'strcpy': This function or variable may be unsafe. Consider using strcpy_s instead. To disable deprecation, use _CRT_SECURE_NO_WARNINGS. See online help for details.
C:\Users\Jbaok\OneDrive\Desktop\NJIT\Spring_2023\IT-266\GameModQ2Final\client\menu.c(2589,3): warning C4996: 'strcpy': This function or variable may be unsafe. Consider using strcpy_s instead. To disable deprecation, use _CRT_SECURE_NO_WARNINGS. See online help for details.
C:\Users\Jbaok\OneDrive\Desktop\NJIT\Spring_2023\IT-266\GameModQ2Final\client\menu.c(2641,2): warning C4996: 'strcpy': This function or variable may be unsafe. Consider using strcpy_s instead. To disable deprecation, use _CRT_SECURE_NO_WARNINGS. See online help for details.
C:\Users\Jbaok\OneDrive\Desktop\NJIT\Spring_2023\IT-266\GameModQ2Final\client\menu.c(2651,2): warning C4996: 'strcpy': This function or variable may be unsafe. Consider using strcpy_s instead. To disable deprecation, use _CRT_SECURE_NO_WARNINGS. See online help for details.
C:\Users\Jbaok\OneDrive\Desktop\NJIT\Spring_2023\IT-266\GameModQ2Final\client\menu.c(2668,3): warning C4996: 'strcpy': This function or variable may be unsafe. Consider using strcpy_s instead. To disable deprecation, use _CRT_SECURE_NO_WARNINGS. See online help for details.
C:\Users\Jbaok\OneDrive\Desktop\NJIT\Spring_2023\IT-266\GameModQ2Final\client\menu.c(2670,3): warning C4996: 'strcpy': This function or variable may be unsafe. Consider using strcpy_s instead. To disable deprecation, use _CRT_SECURE_NO_WARNINGS. See online help for details.
C:\Users\Jbaok\OneDrive\Desktop\NJIT\Spring_2023\IT-266\GameModQ2Final\client\menu.c(2680,2): warning C4996: 'strcpy': This function or variable may be unsafe. Consider using strcpy_s instead. To disable deprecation, use _CRT_SECURE_NO_WARNINGS. See online help for details.
C:\Users\Jbaok\OneDrive\Desktop\NJIT\Spring_2023\IT-266\GameModQ2Final\client\menu.c(3315,3): warning C4996: 'strcpy': This function or variable may be unsafe. Consider using strcpy_s instead. To disable deprecation, use _CRT_SECURE_NO_WARNINGS. See online help for details.
C:\Users\Jbaok\OneDrive\Desktop\NJIT\Spring_2023\IT-266\GameModQ2Final\client\menu.c(3429,2): warning C4996: 'strcpy': This function or variable may be unsafe. Consider using strcpy_s instead. To disable deprecation, use _CRT_SECURE_NO_WARNINGS. See online help for details.
C:\Users\Jbaok\OneDrive\Desktop\NJIT\Spring_2023\IT-266\GameModQ2Final\client\menu.c(3431,2): warning C4996: 'strcat': This function or variable may be unsafe. Consider using strcat_s instead. To disable deprecation, use _CRT_SECURE_NO_WARNINGS. See online help for details.
C:\Users\Jbaok\OneDrive\Desktop\NJIT\Spring_2023\IT-266\GameModQ2Final\client\menu.c(3490,3): warning C4996: 'strcpy': This function or variable may be unsafe. Consider using strcpy_s instead. To disable deprecation, use _CRT_SECURE_NO_WARNINGS. See online help for details.
C:\Users\Jbaok\OneDrive\Desktop\NJIT\Spring_2023\IT-266\GameModQ2Final\client\menu.c(3491,3): warning C4996: 'strcat': This function or variable may be unsafe. Consider using strcat_s instead. To disable deprecation, use _CRT_SECURE_NO_WARNINGS. See online help for details.
C:\Users\Jbaok\OneDrive\Desktop\NJIT\Spring_2023\IT-266\GameModQ2Final\client\menu.c(3502,3): warning C4996: 'strcpy': This function or variable may be unsafe. Consider using strcpy_s instead. To disable deprecation, use _CRT_SECURE_NO_WARNINGS. See online help for details.
C:\Users\Jbaok\OneDrive\Desktop\NJIT\Spring_2023\IT-266\GameModQ2Final\client\menu.c(3503,3): warning C4996: 'strcat': This function or variable may be unsafe. Consider using strcat_s instead. To disable deprecation, use _CRT_SECURE_NO_WARNINGS. See online help for details.
C:\Users\Jbaok\OneDrive\Desktop\NJIT\Spring_2023\IT-266\GameModQ2Final\client\menu.c(3547,6): warning C4996: 'strcpy': This function or variable may be unsafe. Consider using strcpy_s instead. To disable deprecation, use _CRT_SECURE_NO_WARNINGS. See online help for details.
C:\Users\Jbaok\OneDrive\Desktop\NJIT\Spring_2023\IT-266\GameModQ2Final\client\menu.c(3552,21): warning C4996: 'strdup': The POSIX name for this item is deprecated. Instead, use the ISO C and C++ conformant name: _strdup. See online help for details.
C:\Users\Jbaok\OneDrive\Desktop\NJIT\Spring_2023\IT-266\GameModQ2Final\client\menu.c(3571,3): warning C4996: 'strncpy': This function or variable may be unsafe. Consider using strncpy_s instead. To disable deprecation, use _CRT_SECURE_NO_WARNINGS. See online help for details.
C:\Users\Jbaok\OneDrive\Desktop\NJIT\Spring_2023\IT-266\GameModQ2Final\client\menu.c(3572,3): warning C4996: 'strcpy': This function or variable may be unsafe. Consider using strcpy_s instead. To disable deprecation, use _CRT_SECURE_NO_WARNINGS. See online help for details.
C:\Users\Jbaok\OneDrive\Desktop\NJIT\Spring_2023\IT-266\GameModQ2Final\client\menu.c(3628,2): warning C4996: 'strcpy': This function or variable may be unsafe. Consider using strcpy_s instead. To disable deprecation, use _CRT_SECURE_NO_WARNINGS. See online help for details.
C:\Users\Jbaok\OneDrive\Desktop\NJIT\Spring_2023\IT-266\GameModQ2Final\client\menu.c(3632,3): warning C4996: 'strcpy': This function or variable may be unsafe. Consider using strcpy_s instead. To disable deprecation, use _CRT_SECURE_NO_WARNINGS. See online help for details.
C:\Users\Jbaok\OneDrive\Desktop\NJIT\Spring_2023\IT-266\GameModQ2Final\client\menu.c(3637,3): warning C4996: 'strcpy': This function or variable may be unsafe. Consider using strcpy_s instead. To disable deprecation, use _CRT_SECURE_NO_WARNINGS. See online help for details.
C:\Users\Jbaok\OneDrive\Desktop\NJIT\Spring_2023\IT-266\GameModQ2Final\client\menu.c(3642,3): warning C4996: 'strcpy': This function or variable may be unsafe. Consider using strcpy_s instead. To disable deprecation, use _CRT_SECURE_NO_WARNINGS. See online help for details.
C:\Users\Jbaok\OneDrive\Desktop\NJIT\Spring_2023\IT-266\GameModQ2Final\client\menu.c(3643,3): warning C4996: 'strcpy': This function or variable may be unsafe. Consider using strcpy_s instead. To disable deprecation, use _CRT_SECURE_NO_WARNINGS. See online help for details.
C:\Users\Jbaok\OneDrive\Desktop\NJIT\Spring_2023\IT-266\GameModQ2Final\client\menu.c(3680,2): warning C4996: 'strcpy': This function or variable may be unsafe. Consider using strcpy_s instead. To disable deprecation, use _CRT_SECURE_NO_WARNINGS. See online help for details.
  net_chan.c
C:\Users\Jbaok\OneDrive\Desktop\NJIT\Spring_2023\IT-266\GameModQ2Final\qcommon\net_chan.c(138,2): warning C4996: 'vsprintf': This function or variable may be unsafe. Consider using vsprintf_s instead. To disable deprecation, use _CRT_SECURE_NO_WARNINGS. See online help for details.
  net_wins.c
C:\Users\Jbaok\OneDrive\Desktop\NJIT\Spring_2023\IT-266\GameModQ2Final\win32\net_wins.c(201,3): warning C4996: 'sscanf': This function or variable may be unsafe. Consider using sscanf_s instead. To disable deprecation, use _CRT_SECURE_NO_WARNINGS. See online help for details.
C:\Users\Jbaok\OneDrive\Desktop\NJIT\Spring_2023\IT-266\GameModQ2Final\win32\net_wins.c(202,3): warning C4996: 'sscanf': This function or variable may be unsafe. Consider using sscanf_s instead. To disable deprecation, use _CRT_SECURE_NO_WARNINGS. See online help for details.
C:\Users\Jbaok\OneDrive\Desktop\NJIT\Spring_2023\IT-266\GameModQ2Final\win32\net_wins.c(203,3): warning C4996: 'sscanf': This function or variable may be unsafe. Consider using sscanf_s instead. To disable deprecation, use _CRT_SECURE_NO_WARNINGS. See online help for details.
C:\Users\Jbaok\OneDrive\Desktop\NJIT\Spring_2023\IT-266\GameModQ2Final\win32\net_wins.c(204,3): warning C4996: 'sscanf': This function or variable may be unsafe. Consider using sscanf_s instead. To disable deprecation, use _CRT_SECURE_NO_WARNINGS. See online help for details.
C:\Users\Jbaok\OneDrive\Desktop\NJIT\Spring_2023\IT-266\GameModQ2Final\win32\net_wins.c(205,3): warning C4996: 'sscanf': This function or variable may be unsafe. Consider using sscanf_s instead. To disable deprecation, use _CRT_SECURE_NO_WARNINGS. See online help for details.
C:\Users\Jbaok\OneDrive\Desktop\NJIT\Spring_2023\IT-266\GameModQ2Final\win32\net_wins.c(206,3): warning C4996: 'sscanf': This function or variable may be unsafe. Consider using sscanf_s instead. To disable deprecation, use _CRT_SECURE_NO_WARNINGS. See online help for details.
C:\Users\Jbaok\OneDrive\Desktop\NJIT\Spring_2023\IT-266\GameModQ2Final\win32\net_wins.c(207,3): warning C4996: 'sscanf': This function or variable may be unsafe. Consider using sscanf_s instead. To disable deprecation, use _CRT_SECURE_NO_WARNINGS. See online help for details.
C:\Users\Jbaok\OneDrive\Desktop\NJIT\Spring_2023\IT-266\GameModQ2Final\win32\net_wins.c(208,3): warning C4996: 'sscanf': This function or variable may be unsafe. Consider using sscanf_s instead. To disable deprecation, use _CRT_SECURE_NO_WARNINGS. See online help for details.
C:\Users\Jbaok\OneDrive\Desktop\NJIT\Spring_2023\IT-266\GameModQ2Final\win32\net_wins.c(209,3): warning C4996: 'sscanf': This function or variable may be unsafe. Consider using sscanf_s instead. To disable deprecation, use _CRT_SECURE_NO_WARNINGS. See online help for details.
C:\Users\Jbaok\OneDrive\Desktop\NJIT\Spring_2023\IT-266\GameModQ2Final\win32\net_wins.c(210,3): warning C4996: 'sscanf': This function or variable may be unsafe. Consider using sscanf_s instead. To disable deprecation, use _CRT_SECURE_NO_WARNINGS. See online help for details.
C:\Users\Jbaok\OneDrive\Desktop\NJIT\Spring_2023\IT-266\GameModQ2Final\win32\net_wins.c(211,3): warning C4996: 'sscanf': This function or variable may be unsafe. Consider using sscanf_s instead. To disable deprecation, use _CRT_SECURE_NO_WARNINGS. See online help for details.
C:\Users\Jbaok\OneDrive\Desktop\NJIT\Spring_2023\IT-266\GameModQ2Final\win32\net_wins.c(220,3): warning C4996: 'strcpy': This function or variable may be unsafe. Consider using strcpy_s instead. To disable deprecation, use _CRT_SECURE_NO_WARNINGS. See online help for details.
C:\Users\Jbaok\OneDrive\Desktop\NJIT\Spring_2023\IT-266\GameModQ2Final\win32\net_wins.c(484,45): warning C4133: 'function': incompatible types - from 'qboolean *' to 'u_long *'
C:\Users\Jbaok\OneDrive\Desktop\NJIT\Spring_2023\IT-266\GameModQ2Final\win32\net_wins.c(497,46): warning C4996: 'stricmp': The POSIX name for this item is deprecated. Instead, use the ISO C and C++ conformant name: _stricmp. See online help for details.
  pmove.c
  q_shared.c
C:\Users\Jbaok\OneDrive\Desktop\NJIT\Spring_2023\IT-266\GameModQ2Final\game\q_shared.c(876,3): warning C4996: 'strncpy': This function or variable may be unsafe. Consider using strncpy_s instead. To disable deprecation, use _CRT_SECURE_NO_WARNINGS. See online help for details.
C:\Users\Jbaok\OneDrive\Desktop\NJIT\Spring_2023\IT-266\GameModQ2Final\game\q_shared.c(897,2): warning C4996: 'strncpy': This function or variable may be unsafe. Consider using strncpy_s instead. To disable deprecation, use _CRT_SECURE_NO_WARNINGS. See online help for details.
C:\Users\Jbaok\OneDrive\Desktop\NJIT\Spring_2023\IT-266\GameModQ2Final\game\q_shared.c(923,2): warning C4996: 'strcat': This function or variable may be unsafe. Consider using strcat_s instead. To disable deprecation, use _CRT_SECURE_NO_WARNINGS. See online help for details.
C:\Users\Jbaok\OneDrive\Desktop\NJIT\Spring_2023\IT-266\GameModQ2Final\game\q_shared.c(1056,2): warning C4996: 'vsprintf': This function or variable may be unsafe. Consider using vsprintf_s instead. To disable deprecation, use _CRT_SECURE_NO_WARNINGS. See online help for details.
C:\Users\Jbaok\OneDrive\Desktop\NJIT\Spring_2023\IT-266\GameModQ2Final\game\q_shared.c(1230,8): warning C4996: 'vsprintf': This function or variable may be unsafe. Consider using vsprintf_s instead. To disable deprecation, use _CRT_SECURE_NO_WARNINGS. See online help for details.
C:\Users\Jbaok\OneDrive\Desktop\NJIT\Spring_2023\IT-266\GameModQ2Final\game\q_shared.c(1234,2): warning C4996: 'strncpy': This function or variable may be unsafe. Consider using strncpy_s instead. To disable deprecation, use _CRT_SECURE_NO_WARNINGS. See online help for details.
C:\Users\Jbaok\OneDrive\Desktop\NJIT\Spring_2023\IT-266\GameModQ2Final\game\q_shared.c(1334,4): warning C4996: 'strcpy': This function or variable may be unsafe. Consider using strcpy_s instead. To disable deprecation, use _CRT_SECURE_NO_WARNINGS. See online help for details.
  q_shwin.c
  qmenu.c
C:\Users\Jbaok\OneDrive\Desktop\NJIT\Spring_2023\IT-266\GameModQ2Final\client\qmenu.c(94,2): warning C4996: 'strncpy': This function or variable may be unsafe. Consider using strncpy_s instead. To disable deprecation, use _CRT_SECURE_NO_WARNINGS. See online help for details.
C:\Users\Jbaok\OneDrive\Desktop\NJIT\Spring_2023\IT-266\GameModQ2Final\client\qmenu.c(204,4): warning C4996: 'strtok': This function or variable may be unsafe. Consider using strtok_s instead. To disable deprecation, use _CRT_SECURE_NO_WARNINGS. See online help for details.
C:\Users\Jbaok\OneDrive\Desktop\NJIT\Spring_2023\IT-266\GameModQ2Final\client\qmenu.c(206,4): warning C4996: 'strncpy': This function or variable may be unsafe. Consider using strncpy_s instead. To disable deprecation, use _CRT_SECURE_NO_WARNINGS. See online help for details.
C:\Users\Jbaok\OneDrive\Desktop\NJIT\Spring_2023\IT-266\GameModQ2Final\client\qmenu.c(667,3): warning C4996: 'strcpy': This function or variable may be unsafe. Consider using strcpy_s instead. To disable deprecation, use _CRT_SECURE_NO_WARNINGS. See online help for details.
C:\Users\Jbaok\OneDrive\Desktop\NJIT\Spring_2023\IT-266\GameModQ2Final\client\qmenu.c(670,3): warning C4996: 'strcpy': This function or variable may be unsafe. Consider using strcpy_s instead. To disable deprecation, use _CRT_SECURE_NO_WARNINGS. See online help for details.
  snd_dma.c
C:\Users\Jbaok\OneDrive\Desktop\NJIT\Spring_2023\IT-266\GameModQ2Final\client\snd_dma.c(243,2): warning C4996: 'strcpy': This function or variable may be unsafe. Consider using strcpy_s instead. To disable deprecation, use _CRT_SECURE_NO_WARNINGS. See online help for details.
C:\Users\Jbaok\OneDrive\Desktop\NJIT\Spring_2023\IT-266\GameModQ2Final\client\snd_dma.c(263,2): warning C4996: 'strcpy': This function or variable may be unsafe. Consider using strcpy_s instead. To disable deprecation, use _CRT_SECURE_NO_WARNINGS. See online help for details.
C:\Users\Jbaok\OneDrive\Desktop\NJIT\Spring_2023\IT-266\GameModQ2Final\client\snd_dma.c(279,2): warning C4996: 'strcpy': This function or variable may be unsafe. Consider using strcpy_s instead. To disable deprecation, use _CRT_SECURE_NO_WARNINGS. See online help for details.
C:\Users\Jbaok\OneDrive\Desktop\NJIT\Spring_2023\IT-266\GameModQ2Final\client\snd_dma.c(606,4): warning C4996: 'strcpy': This function or variable may be unsafe. Consider using strcpy_s instead. To disable deprecation, use _CRT_SECURE_NO_WARNINGS. See online help for details.
C:\Users\Jbaok\OneDrive\Desktop\NJIT\Spring_2023\IT-266\GameModQ2Final\client\snd_dma.c(614,3): warning C4996: 'strcpy': This function or variable may be unsafe. Consider using strcpy_s instead. To disable deprecation, use _CRT_SECURE_NO_WARNINGS. See online help for details.
C:\Users\Jbaok\OneDrive\Desktop\NJIT\Spring_2023\IT-266\GameModQ2Final\client\snd_dma.c(1170,4): warning C4996: 'strcpy': This function or variable may be unsafe. Consider using strcpy_s instead. To disable deprecation, use _CRT_SECURE_NO_WARNINGS. See online help for details.
C:\Users\Jbaok\OneDrive\Desktop\NJIT\Spring_2023\IT-266\GameModQ2Final\client\snd_dma.c(1171,4): warning C4996: 'strcat': This function or variable may be unsafe. Consider using strcat_s instead. To disable deprecation, use _CRT_SECURE_NO_WARNINGS. See online help for details.
C:\Users\Jbaok\OneDrive\Desktop\NJIT\Spring_2023\IT-266\GameModQ2Final\client\snd_dma.c(1174,4): warning C4996: 'strcpy': This function or variable may be unsafe. Consider using strcpy_s instead. To disable deprecation, use _CRT_SECURE_NO_WARNINGS. See online help for details.
  snd_mem.c
C:\Users\Jbaok\OneDrive\Desktop\NJIT\Spring_2023\IT-266\GameModQ2Final\client\snd_mem.c(125,3): warning C4996: 'strcpy': This function or variable may be unsafe. Consider using strcpy_s instead. To disable deprecation, use _CRT_SECURE_NO_WARNINGS. See online help for details.
  snd_mix.c
  snd_win.c
  sv_ccmds.c
C:\Users\Jbaok\OneDrive\Desktop\NJIT\Spring_2023\IT-266\GameModQ2Final\server\sv_ccmds.c(200,7): warning C4996: 'fopen': This function or variable may be unsafe. Consider using fopen_s instead. To disable deprecation, use _CRT_SECURE_NO_WARNINGS. See online help for details.
C:\Users\Jbaok\OneDrive\Desktop\NJIT\Spring_2023\IT-266\GameModQ2Final\server\sv_ccmds.c(203,7): warning C4996: 'fopen': This function or variable may be unsafe. Consider using fopen_s instead. To disable deprecation, use _CRT_SECURE_NO_WARNINGS. See online help for details.
C:\Users\Jbaok\OneDrive\Desktop\NJIT\Spring_2023\IT-266\GameModQ2Final\server\sv_ccmds.c(254,3): warning C4996: 'strcpy': This function or variable may be unsafe. Consider using strcpy_s instead. To disable deprecation, use _CRT_SECURE_NO_WARNINGS. See online help for details.
C:\Users\Jbaok\OneDrive\Desktop\NJIT\Spring_2023\IT-266\GameModQ2Final\server\sv_ccmds.c(261,3): warning C4996: 'strcpy': This function or variable may be unsafe. Consider using strcpy_s instead. To disable deprecation, use _CRT_SECURE_NO_WARNINGS. See online help for details.
C:\Users\Jbaok\OneDrive\Desktop\NJIT\Spring_2023\IT-266\GameModQ2Final\server\sv_ccmds.c(263,3): warning C4996: 'strcpy': This function or variable may be unsafe. Consider using strcpy_s instead. To disable deprecation, use _CRT_SECURE_NO_WARNINGS. See online help for details.
C:\Users\Jbaok\OneDrive\Desktop\NJIT\Spring_2023\IT-266\GameModQ2Final\server\sv_ccmds.c(286,6): warning C4996: 'fopen': This function or variable may be unsafe. Consider using fopen_s instead. To disable deprecation, use _CRT_SECURE_NO_WARNINGS. See online help for details.
C:\Users\Jbaok\OneDrive\Desktop\NJIT\Spring_2023\IT-266\GameModQ2Final\server\sv_ccmds.c(314,6): warning C4996: 'fopen': This function or variable may be unsafe. Consider using fopen_s instead. To disable deprecation, use _CRT_SECURE_NO_WARNINGS. See online help for details.
C:\Users\Jbaok\OneDrive\Desktop\NJIT\Spring_2023\IT-266\GameModQ2Final\server\sv_ccmds.c(346,6): warning C4996: 'fopen': This function or variable may be unsafe. Consider using fopen_s instead. To disable deprecation, use _CRT_SECURE_NO_WARNINGS. See online help for details.
C:\Users\Jbaok\OneDrive\Desktop\NJIT\Spring_2023\IT-266\GameModQ2Final\server\sv_ccmds.c(358,13): warning C4996: 'localtime': This function or variable may be unsafe. Consider using localtime_s instead. To disable deprecation, use _CRT_SECURE_NO_WARNINGS. See online help for details.
C:\Users\Jbaok\OneDrive\Desktop\NJIT\Spring_2023\IT-266\GameModQ2Final\server\sv_ccmds.c(362,3): warning C4996: 'strncat': This function or variable may be unsafe. Consider using strncat_s instead. To disable deprecation, use _CRT_SECURE_NO_WARNINGS. See online help for details.
C:\Users\Jbaok\OneDrive\Desktop\NJIT\Spring_2023\IT-266\GameModQ2Final\server\sv_ccmds.c(388,3): warning C4996: 'strcpy': This function or variable may be unsafe. Consider using strcpy_s instead. To disable deprecation, use _CRT_SECURE_NO_WARNINGS. See online help for details.
C:\Users\Jbaok\OneDrive\Desktop\NJIT\Spring_2023\IT-266\GameModQ2Final\server\sv_ccmds.c(389,3): warning C4996: 'strcpy': This function or variable may be unsafe. Consider using strcpy_s instead. To disable deprecation, use _CRT_SECURE_NO_WARNINGS. See online help for details.
C:\Users\Jbaok\OneDrive\Desktop\NJIT\Spring_2023\IT-266\GameModQ2Final\server\sv_ccmds.c(417,6): warning C4996: 'fopen': This function or variable may be unsafe. Consider using fopen_s instead. To disable deprecation, use _CRT_SECURE_NO_WARNINGS. See online help for details.
C:\Users\Jbaok\OneDrive\Desktop\NJIT\Spring_2023\IT-266\GameModQ2Final\server\sv_ccmds.c(445,2): warning C4996: 'strcpy': This function or variable may be unsafe. Consider using strcpy_s instead. To disable deprecation, use _CRT_SECURE_NO_WARNINGS. See online help for details.
C:\Users\Jbaok\OneDrive\Desktop\NJIT\Spring_2023\IT-266\GameModQ2Final\server\sv_ccmds.c(539,2): warning C4996: 'strncpy': This function or variable may be unsafe. Consider using strncpy_s instead. To disable deprecation, use _CRT_SECURE_NO_WARNINGS. See online help for details.
C:\Users\Jbaok\OneDrive\Desktop\NJIT\Spring_2023\IT-266\GameModQ2Final\server\sv_ccmds.c(616,6): warning C4996: 'fopen': This function or variable may be unsafe. Consider using fopen_s instead. To disable deprecation, use _CRT_SECURE_NO_WARNINGS. See online help for details.
C:\Users\Jbaok\OneDrive\Desktop\NJIT\Spring_2023\IT-266\GameModQ2Final\server\sv_ccmds.c(804,2): warning C4996: 'strcpy': This function or variable may be unsafe. Consider using strcpy_s instead. To disable deprecation, use _CRT_SECURE_NO_WARNINGS. See online help for details.
C:\Users\Jbaok\OneDrive\Desktop\NJIT\Spring_2023\IT-266\GameModQ2Final\server\sv_ccmds.c(813,2): warning C4996: 'strcat': This function or variable may be unsafe. Consider using strcat_s instead. To disable deprecation, use _CRT_SECURE_NO_WARNINGS. See online help for details.
C:\Users\Jbaok\OneDrive\Desktop\NJIT\Spring_2023\IT-266\GameModQ2Final\server\sv_ccmds.c(915,17): warning C4996: 'fopen': This function or variable may be unsafe. Consider using fopen_s instead. To disable deprecation, use _CRT_SECURE_NO_WARNINGS. See online help for details.
  sv_ents.c
  sv_game.c
C:\Users\Jbaok\OneDrive\Desktop\NJIT\Spring_2023\IT-266\GameModQ2Final\server\sv_game.c(70,2): warning C4996: 'vsprintf': This function or variable may be unsafe. Consider using vsprintf_s instead. To disable deprecation, use _CRT_SECURE_NO_WARNINGS. See online help for details.
C:\Users\Jbaok\OneDrive\Desktop\NJIT\Spring_2023\IT-266\GameModQ2Final\server\sv_game.c(98,2): warning C4996: 'vsprintf': This function or variable may be unsafe. Consider using vsprintf_s instead. To disable deprecation, use _CRT_SECURE_NO_WARNINGS. See online help for details.
C:\Users\Jbaok\OneDrive\Desktop\NJIT\Spring_2023\IT-266\GameModQ2Final\server\sv_game.c(126,2): warning C4996: 'vsprintf': This function or variable may be unsafe. Consider using vsprintf_s instead. To disable deprecation, use _CRT_SECURE_NO_WARNINGS. See online help for details.
C:\Users\Jbaok\OneDrive\Desktop\NJIT\Spring_2023\IT-266\GameModQ2Final\server\sv_game.c(148,2): warning C4996: 'vsprintf': This function or variable may be unsafe. Consider using vsprintf_s instead. To disable deprecation, use _CRT_SECURE_NO_WARNINGS. See online help for details.
C:\Users\Jbaok\OneDrive\Desktop\NJIT\Spring_2023\IT-266\GameModQ2Final\server\sv_game.c(201,2): warning C4996: 'strcpy': This function or variable may be unsafe. Consider using strcpy_s instead. To disable deprecation, use _CRT_SECURE_NO_WARNINGS. See online help for details.
  sv_init.c
C:\Users\Jbaok\OneDrive\Desktop\NJIT\Spring_2023\IT-266\GameModQ2Final\server\sv_init.c(49,2): warning C4996: 'strncpy': This function or variable may be unsafe. Consider using strncpy_s instead. To disable deprecation, use _CRT_SECURE_NO_WARNINGS. See online help for details.
C:\Users\Jbaok\OneDrive\Desktop\NJIT\Spring_2023\IT-266\GameModQ2Final\server\sv_init.c(130,6): warning C4996: 'fopen': This function or variable may be unsafe. Consider using fopen_s instead. To disable deprecation, use _CRT_SECURE_NO_WARNINGS. See online help for details.
C:\Users\Jbaok\OneDrive\Desktop\NJIT\Spring_2023\IT-266\GameModQ2Final\server\sv_init.c(195,2): warning C4996: 'strcpy': This function or variable may be unsafe. Consider using strcpy_s instead. To disable deprecation, use _CRT_SECURE_NO_WARNINGS. See online help for details.
C:\Users\Jbaok\OneDrive\Desktop\NJIT\Spring_2023\IT-266\GameModQ2Final\server\sv_init.c(198,3): warning C4996: 'sprintf': This function or variable may be unsafe. Consider using sprintf_s instead. To disable deprecation, use _CRT_SECURE_NO_WARNINGS. See online help for details.
C:\Users\Jbaok\OneDrive\Desktop\NJIT\Spring_2023\IT-266\GameModQ2Final\server\sv_init.c(203,3): warning C4996: 'strcpy': This function or variable may be unsafe. Consider using strcpy_s instead. To disable deprecation, use _CRT_SECURE_NO_WARNINGS. See online help for details.
C:\Users\Jbaok\OneDrive\Desktop\NJIT\Spring_2023\IT-266\GameModQ2Final\server\sv_init.c(209,2): warning C4996: 'strcpy': This function or variable may be unsafe. Consider using strcpy_s instead. To disable deprecation, use _CRT_SECURE_NO_WARNINGS. See online help for details.
C:\Users\Jbaok\OneDrive\Desktop\NJIT\Spring_2023\IT-266\GameModQ2Final\server\sv_init.c(222,2): warning C4996: 'strcpy': This function or variable may be unsafe. Consider using strcpy_s instead. To disable deprecation, use _CRT_SECURE_NO_WARNINGS. See online help for details.
C:\Users\Jbaok\OneDrive\Desktop\NJIT\Spring_2023\IT-266\GameModQ2Final\server\sv_init.c(223,2): warning C4996: 'strcpy': This function or variable may be unsafe. Consider using strcpy_s instead. To disable deprecation, use _CRT_SECURE_NO_WARNINGS. See online help for details.
C:\Users\Jbaok\OneDrive\Desktop\NJIT\Spring_2023\IT-266\GameModQ2Final\server\sv_init.c(406,2): warning C4996: 'strcpy': This function or variable may be unsafe. Consider using strcpy_s instead. To disable deprecation, use _CRT_SECURE_NO_WARNINGS. See online help for details.
C:\Users\Jbaok\OneDrive\Desktop\NJIT\Spring_2023\IT-266\GameModQ2Final\server\sv_init.c(427,3): warning C4996: 'strcpy': This function or variable may be unsafe. Consider using strcpy_s instead. To disable deprecation, use _CRT_SECURE_NO_WARNINGS. See online help for details.
C:\Users\Jbaok\OneDrive\Desktop\NJIT\Spring_2023\IT-266\GameModQ2Final\server\sv_init.c(434,3): warning C4996: 'strcpy': This function or variable may be unsafe. Consider using strcpy_s instead. To disable deprecation, use _CRT_SECURE_NO_WARNINGS. See online help for details.
  Generating Code...
C:\Users\Jbaok\OneDrive\Desktop\NJIT\Spring_2023\IT-266\GameModQ2Final\win32\net_wins.c(124): warning C4715: 'NET_CompareAdr': not all control paths return a value
C:\Users\Jbaok\OneDrive\Desktop\NJIT\Spring_2023\IT-266\GameModQ2Final\win32\net_wins.c(154): warning C4715: 'NET_CompareBaseAdr': not all control paths return a value
C:\Users\Jbaok\OneDrive\Desktop\NJIT\Spring_2023\IT-266\GameModQ2Final\client\menu.c(3580): warning C4715: 'PlayerConfig_ScanDirectories': not all control paths return a value
C:\Users\Jbaok\OneDrive\Desktop\NJIT\Spring_2023\IT-266\GameModQ2Final\win32\in_win.c(574): warning C4715: 'RawValuePointer': not all control paths return a value
  Compiling...
  sv_main.c
C:\Users\Jbaok\OneDrive\Desktop\NJIT\Spring_2023\IT-266\GameModQ2Final\server\sv_main.c(118,2): warning C4996: 'strcpy': This function or variable may be unsafe. Consider using strcpy_s instead. To disable deprecation, use _CRT_SECURE_NO_WARNINGS. See online help for details.
C:\Users\Jbaok\OneDrive\Desktop\NJIT\Spring_2023\IT-266\GameModQ2Final\server\sv_main.c(119,2): warning C4996: 'strcat': This function or variable may be unsafe. Consider using strcat_s instead. To disable deprecation, use _CRT_SECURE_NO_WARNINGS. See online help for details.
C:\Users\Jbaok\OneDrive\Desktop\NJIT\Spring_2023\IT-266\GameModQ2Final\server\sv_main.c(132,4): warning C4996: 'strcpy': This function or variable may be unsafe. Consider using strcpy_s instead. To disable deprecation, use _CRT_SECURE_NO_WARNINGS. See online help for details.
C:\Users\Jbaok\OneDrive\Desktop\NJIT\Spring_2023\IT-266\GameModQ2Final\server\sv_main.c(296,2): warning C4996: 'strncpy': This function or variable may be unsafe. Consider using strncpy_s instead. To disable deprecation, use _CRT_SECURE_NO_WARNINGS. See online help for details.
C:\Users\Jbaok\OneDrive\Desktop\NJIT\Spring_2023\IT-266\GameModQ2Final\server\sv_main.c(397,2): warning C4996: 'strncpy': This function or variable may be unsafe. Consider using strncpy_s instead. To disable deprecation, use _CRT_SECURE_NO_WARNINGS. See online help for details.
C:\Users\Jbaok\OneDrive\Desktop\NJIT\Spring_2023\IT-266\GameModQ2Final\server\sv_main.c(457,4): warning C4996: 'strcat': This function or variable may be unsafe. Consider using strcat_s instead. To disable deprecation, use _CRT_SECURE_NO_WARNINGS. See online help for details.
C:\Users\Jbaok\OneDrive\Desktop\NJIT\Spring_2023\IT-266\GameModQ2Final\server\sv_main.c(458,4): warning C4996: 'strcat': This function or variable may be unsafe. Consider using strcat_s instead. To disable deprecation, use _CRT_SECURE_NO_WARNINGS. See online help for details.
C:\Users\Jbaok\OneDrive\Desktop\NJIT\Spring_2023\IT-266\GameModQ2Final\server\sv_main.c(907,2): warning C4996: 'strncpy': This function or variable may be unsafe. Consider using strncpy_s instead. To disable deprecation, use _CRT_SECURE_NO_WARNINGS. See online help for details.
  sv_send.c
C:\Users\Jbaok\OneDrive\Desktop\NJIT\Spring_2023\IT-266\GameModQ2Final\server\sv_send.c(74,2): warning C4996: 'vsprintf': This function or variable may be unsafe. Consider using vsprintf_s instead. To disable deprecation, use _CRT_SECURE_NO_WARNINGS. See online help for details.
C:\Users\Jbaok\OneDrive\Desktop\NJIT\Spring_2023\IT-266\GameModQ2Final\server\sv_send.c(97,2): warning C4996: 'vsprintf': This function or variable may be unsafe. Consider using vsprintf_s instead. To disable deprecation, use _CRT_SECURE_NO_WARNINGS. See online help for details.
C:\Users\Jbaok\OneDrive\Desktop\NJIT\Spring_2023\IT-266\GameModQ2Final\server\sv_send.c(140,2): warning C4996: 'vsprintf': This function or variable may be unsafe. Consider using vsprintf_s instead. To disable deprecation, use _CRT_SECURE_NO_WARNINGS. See online help for details.
  sv_user.c
C:\Users\Jbaok\OneDrive\Desktop\NJIT\Spring_2023\IT-266\GameModQ2Final\server\sv_user.c(578,4): warning C4996: 'strncpy': This function or variable may be unsafe. Consider using strncpy_s instead. To disable deprecation, use _CRT_SECURE_NO_WARNINGS. See online help for details.
  sv_world.c
  sys_win.c
C:\Users\Jbaok\OneDrive\Desktop\NJIT\Spring_2023\IT-266\GameModQ2Final\win32\sys_win.c(76,2): warning C4996: 'vsprintf': This function or variable may be unsafe. Consider using vsprintf_s instead. To disable deprecation, use _CRT_SECURE_NO_WARNINGS. See online help for details.
C:\Users\Jbaok\OneDrive\Desktop\NJIT\Spring_2023\IT-266\GameModQ2Final\win32\sys_win.c(163,3): warning C4996: 'sprintf': This function or variable may be unsafe. Consider using sprintf_s instead. To disable deprecation, use _CRT_SECURE_NO_WARNINGS. See online help for details.
C:\Users\Jbaok\OneDrive\Desktop\NJIT\Spring_2023\IT-266\GameModQ2Final\win32\sys_win.c(164,3): warning C4996: 'sprintf': This function or variable may be unsafe. Consider using sprintf_s instead. To disable deprecation, use _CRT_SECURE_NO_WARNINGS. See online help for details.
C:\Users\Jbaok\OneDrive\Desktop\NJIT\Spring_2023\IT-266\GameModQ2Final\win32\sys_win.c(165,7): warning C4996: 'fopen': This function or variable may be unsafe. Consider using fopen_s instead. To disable deprecation, use _CRT_SECURE_NO_WARNINGS. See online help for details.
C:\Users\Jbaok\OneDrive\Desktop\NJIT\Spring_2023\IT-266\GameModQ2Final\win32\sys_win.c(234,7): warning C4996: 'GetVersionExA': was declared deprecated
C:\Users\Jbaok\OneDrive\Desktop\NJIT\Spring_2023\IT-266\GameModQ2Final\win32\sys_win.c(415,5): warning C4996: 'strcpy': This function or variable may be unsafe. Consider using strcpy_s instead. To disable deprecation, use _CRT_SECURE_NO_WARNINGS. See online help for details.
C:\Users\Jbaok\OneDrive\Desktop\NJIT\Spring_2023\IT-266\GameModQ2Final\win32\sys_win.c(655,3): warning C4996: '_controlfp': This function or variable may be unsafe. Consider using _controlfp_s instead. To disable deprecation, use _CRT_SECURE_NO_WARNINGS. See online help for details.
  vid_dll.c
C:\Users\Jbaok\OneDrive\Desktop\NJIT\Spring_2023\IT-266\GameModQ2Final\win32\vid_dll.c(123,2): warning C4996: 'vsprintf': This function or variable may be unsafe. Consider using vsprintf_s instead. To disable deprecation, use _CRT_SECURE_NO_WARNINGS. See online help for details.
C:\Users\Jbaok\OneDrive\Desktop\NJIT\Spring_2023\IT-266\GameModQ2Final\win32\vid_dll.c(148,2): warning C4996: 'vsprintf': This function or variable may be unsafe. Consider using vsprintf_s instead. To disable deprecation, use _CRT_SECURE_NO_WARNINGS. See online help for details.
C:\Users\Jbaok\OneDrive\Desktop\NJIT\Spring_2023\IT-266\GameModQ2Final\win32\vid_dll.c(740,2): warning C4996: 'putenv': The POSIX name for this item is deprecated. Instead, use the ISO C and C++ conformant name: _putenv. See online help for details.
  vid_menu.c
C:\Users\Jbaok\OneDrive\Desktop\NJIT\Spring_2023\IT-266\GameModQ2Final\win32\vid_menu.c(105,7): warning C4996: 'stricmp': The POSIX name for this item is deprecated. Instead, use the ISO C and C++ conformant name: _stricmp. See online help for details.
C:\Users\Jbaok\OneDrive\Desktop\NJIT\Spring_2023\IT-266\GameModQ2Final\win32\vid_menu.c(170,7): warning C4996: 'stricmp': The POSIX name for this item is deprecated. Instead, use the ISO C and C++ conformant name: _stricmp. See online help for details.
C:\Users\Jbaok\OneDrive\Desktop\NJIT\Spring_2023\IT-266\GameModQ2Final\win32\vid_menu.c(175,9): warning C4996: 'stricmp': The POSIX name for this item is deprecated. Instead, use the ISO C and C++ conformant name: _stricmp. See online help for details.
C:\Users\Jbaok\OneDrive\Desktop\NJIT\Spring_2023\IT-266\GameModQ2Final\win32\vid_menu.c(184,5): warning C4996: 'putenv': The POSIX name for this item is deprecated. Instead, use the ISO C and C++ conformant name: _putenv. See online help for details.
C:\Users\Jbaok\OneDrive\Desktop\NJIT\Spring_2023\IT-266\GameModQ2Final\win32\vid_menu.c(186,5): warning C4996: 'putenv': The POSIX name for this item is deprecated. Instead, use the ISO C and C++ conformant name: _putenv. See online help for details.
  x86.c
  Generating Code...
win32\q2.rc(10): fatal error RC1015: cannot open include file 'afxres.h'.
  
